This file contains any messages produced by compilers while
running configure, to aid debugging if configure makes a mistake.

It was created by rGADEM configure 1.1.1, which was
generated by GNU Autoconf 2.65.  Invocation command line was

  $ ./configure 

## --------- ##
## Platform. ##
## --------- ##

hostname = ls30.genome.ulaval.ca
uname -m = x86_64
uname -r = 2.6.30.10-105.2.23.fc11.x86_64
uname -s = Linux
uname -v = #1 SMP Thu Feb 11 07:06:34 UTC 2010

/usr/bin/uname -p = unknown
/bin/uname -X     = unknown

/bin/arch              = x86_64
/usr/bin/arch -k       = unknown
/usr/convex/getsysinfo = unknown
/usr/bin/hostinfo      = unknown
/bin/machine           = unknown
/usr/bin/oslevel       = unknown
/bin/universe          = unknown

PATH: /software/blat34/
PATH: /usr/lib64/qt-3.3/bin
PATH: /usr/lib64/mpich2/bin
PATH: /usr/kerberos/sbin
PATH: /usr/kerberos/bin
PATH: /usr/local/bin
PATH: /bin
PATH: /usr/bin
PATH: /usr/local/sbin
PATH: /usr/sbin
PATH: /sbin
PATH: /home/cjbparlant/bin


## ----------- ##
## Core tests. ##
## ----------- ##

configure:2071: checking for gcc
configure:2098: result: gcc -m64 -std=gnu99
configure:2327: checking for C compiler version
configure:2336: gcc -m64 -std=gnu99 --version >&5
gcc (GCC) 4.4.1 20090725 (Red Hat 4.4.1-2)
Copyright (C) 2009 Free Software Foundation, Inc.
This is free software; see the source for copying conditions.  There is NO
warranty; not even for MERCHANTABILITY or FITNESS FOR A PARTICULAR PURPOSE.

configure:2347: $? = 0
configure:2336: gcc -m64 -std=gnu99 -v >&5
Using built-in specs.
Target: x86_64-redhat-linux
Configured with: ../configure --prefix=/usr --mandir=/usr/share/man --infodir=/usr/share/info --with-bugurl=http://bugzilla.redhat.com/bugzilla --enable-bootstrap --enable-shared --enable-threads=posix --enable-checking=release --with-system-zlib --enable-__cxa_atexit --disable-libunwind-exceptions --enable-languages=c,c++,objc,obj-c++,java,fortran,ada --enable-java-awt=gtk --disable-dssi --enable-plugin --with-java-home=/usr/lib/jvm/java-1.5.0-gcj-1.5.0.0/jre --enable-libgcj-multifile --enable-java-maintainer-mode --with-ecj-jar=/usr/share/java/eclipse-ecj.jar --disable-libjava-multilib --with-ppl --with-cloog --with-tune=generic --with-arch_32=i586 --build=x86_64-redhat-linux
Thread model: posix
gcc version 4.4.1 20090725 (Red Hat 4.4.1-2) (GCC) 
configure:2347: $? = 0
configure:2336: gcc -m64 -std=gnu99 -V >&5
gcc: '-V' must come at the start of the command line
configure:2347: $? = 1
configure:2336: gcc -m64 -std=gnu99 -qversion >&5
gcc: unrecognized option '-qversion'
gcc: no input files
configure:2347: $? = 1
configure:2367: checking whether the C compiler works
configure:2389: gcc -m64 -std=gnu99 -O2 -g -pipe -Wall -Wp,-D_FORTIFY_SOURCE=2 -fexceptions -fstack-protector --param=ssp-buffer-size=4 -m64 -mtune=generic -I/usr/local/include  conftest.c  >&5
configure:2393: $? = 0
configure:2442: result: yes
configure:2445: checking for C compiler default output file name
configure:2447: result: a.out
configure:2453: checking for suffix of executables
configure:2460: gcc -m64 -std=gnu99 -o conftest -O2 -g -pipe -Wall -Wp,-D_FORTIFY_SOURCE=2 -fexceptions -fstack-protector --param=ssp-buffer-size=4 -m64 -mtune=generic -I/usr/local/include  conftest.c  >&5
configure:2464: $? = 0
configure:2486: result: 
configure:2508: checking whether we are cross compiling
configure:2516: gcc -m64 -std=gnu99 -o conftest -O2 -g -pipe -Wall -Wp,-D_FORTIFY_SOURCE=2 -fexceptions -fstack-protector --param=ssp-buffer-size=4 -m64 -mtune=generic -I/usr/local/include  conftest.c  >&5
configure:2520: $? = 0
configure:2527: ./conftest
configure:2531: $? = 0
configure:2546: result: no
configure:2551: checking for suffix of object files
configure:2573: gcc -m64 -std=gnu99 -c -O2 -g -pipe -Wall -Wp,-D_FORTIFY_SOURCE=2 -fexceptions -fstack-protector --param=ssp-buffer-size=4 -m64 -mtune=generic -I/usr/local/include conftest.c >&5
configure:2577: $? = 0
configure:2598: result: o
configure:2602: checking whether we are using the GNU C compiler
configure:2621: gcc -m64 -std=gnu99 -c -O2 -g -pipe -Wall -Wp,-D_FORTIFY_SOURCE=2 -fexceptions -fstack-protector --param=ssp-buffer-size=4 -m64 -mtune=generic -I/usr/local/include conftest.c >&5
configure:2621: $? = 0
configure:2630: result: yes
configure:2639: checking whether gcc -m64 -std=gnu99 accepts -g
configure:2659: gcc -m64 -std=gnu99 -c -g -I/usr/local/include conftest.c >&5
configure:2659: $? = 0
configure:2700: result: yes
configure:2717: checking for gcc -m64 -std=gnu99 option to accept ISO C89
configure:2781: gcc -m64 -std=gnu99  -c -O2 -g -pipe -Wall -Wp,-D_FORTIFY_SOURCE=2 -fexceptions -fstack-protector --param=ssp-buffer-size=4 -m64 -mtune=generic -I/usr/local/include conftest.c >&5
configure:2781: $? = 0
configure:2794: result: none needed
configure:2819: checking how to run the C preprocessor
configure:2850: gcc -m64 -std=gnu99 -E -I/usr/local/include conftest.c
configure:2850: $? = 0
configure:2864: gcc -m64 -std=gnu99 -E -I/usr/local/include conftest.c
conftest.c:9:28: error: ac_nonexistent.h: No such file or directory
configure:2864: $? = 1
configure: failed program was:
| /* confdefs.h */
| #define PACKAGE_NAME "rGADEM"
| #define PACKAGE_TARNAME "rgadem"
| #define PACKAGE_VERSION "1.1.1"
| #define PACKAGE_STRING "rGADEM 1.1.1"
| #define PACKAGE_BUGREPORT "http://www.rglab.org"
| #define PACKAGE_URL ""
| /* end confdefs.h.  */
| #include <ac_nonexistent.h>
configure:2889: result: gcc -m64 -std=gnu99 -E
configure:2909: gcc -m64 -std=gnu99 -E -I/usr/local/include conftest.c
configure:2909: $? = 0
configure:2923: gcc -m64 -std=gnu99 -E -I/usr/local/include conftest.c
conftest.c:9:28: error: ac_nonexistent.h: No such file or directory
configure:2923: $? = 1
configure: failed program was:
| /* confdefs.h */
| #define PACKAGE_NAME "rGADEM"
| #define PACKAGE_TARNAME "rgadem"
| #define PACKAGE_VERSION "1.1.1"
| #define PACKAGE_STRING "rGADEM 1.1.1"
| #define PACKAGE_BUGREPORT "http://www.rglab.org"
| #define PACKAGE_URL ""
| /* end confdefs.h.  */
| #include <ac_nonexistent.h>
configure:2962: checking for gcc -m64 -std=gnu99 option to support OpenMP
configure:2977: gcc -m64 -std=gnu99 -o conftest -O2 -g -pipe -Wall -Wp,-D_FORTIFY_SOURCE=2 -fexceptions -fstack-protector --param=ssp-buffer-size=4 -m64 -mtune=generic -I/usr/local/include  conftest.c  >&5
conftest.c:11: error: expected '=', ',', ';', 'asm' or '__attribute__' before 'me'
In file included from conftest.c:13:
/usr/lib/gcc/x86_64-redhat-linux/4.4.1/include/omp.h:76: error: expected ')' before '*' token
/usr/lib/gcc/x86_64-redhat-linux/4.4.1/include/omp.h:77: error: expected ')' before '*' token
/usr/lib/gcc/x86_64-redhat-linux/4.4.1/include/omp.h:78: error: expected ')' before '*' token
/usr/lib/gcc/x86_64-redhat-linux/4.4.1/include/omp.h:79: error: expected ')' before '*' token
/usr/lib/gcc/x86_64-redhat-linux/4.4.1/include/omp.h:80: error: expected ')' before '*' token
configure:2977: $? = 1
configure: failed program was:
| /* confdefs.h */
| #define PACKAGE_NAME "rGADEM"
| #define PACKAGE_TARNAME "rgadem"
| #define PACKAGE_VERSION "1.1.1"
| #define PACKAGE_STRING "rGADEM 1.1.1"
| #define PACKAGE_BUGREPORT "http://www.rglab.org"
| #define PACKAGE_URL ""
| /* end confdefs.h.  */
| 
| #ifndef _OPENMP
|  choke me
| #endif
| #include <omp.h>
| int main () { return omp_get_num_threads (); }
| 
configure:2994: gcc -m64 -std=gnu99 -o conftest -O2 -g -pipe -Wall -Wp,-D_FORTIFY_SOURCE=2 -fexceptions -fstack-protector --param=ssp-buffer-size=4 -m64 -mtune=generic -fopenmp -I/usr/local/include  conftest.c  >&5
configure:2994: $? = 0
configure:3008: result: -fopenmp
configure:3037: checking for grep that handles long lines and -e
configure:3095: result: /bin/grep
configure:3100: checking for egrep
configure:3162: result: /bin/grep -E
configure:3167: checking for ANSI C header files
configure:3187: gcc -m64 -std=gnu99 -c -O2 -g -pipe -Wall -Wp,-D_FORTIFY_SOURCE=2 -fexceptions -fstack-protector --param=ssp-buffer-size=4 -m64 -mtune=generic -I/usr/local/include conftest.c >&5
configure:3187: $? = 0
configure:3260: gcc -m64 -std=gnu99 -o conftest -O2 -g -pipe -Wall -Wp,-D_FORTIFY_SOURCE=2 -fexceptions -fstack-protector --param=ssp-buffer-size=4 -m64 -mtune=generic -I/usr/local/include  conftest.c  >&5
configure:3260: $? = 0
configure:3260: ./conftest
configure:3260: $? = 0
configure:3271: result: yes
configure:3284: checking for sys/types.h
configure:3284: gcc -m64 -std=gnu99 -c -O2 -g -pipe -Wall -Wp,-D_FORTIFY_SOURCE=2 -fexceptions -fstack-protector --param=ssp-buffer-size=4 -m64 -mtune=generic -I/usr/local/include conftest.c >&5
configure:3284: $? = 0
configure:3284: result: yes
configure:3284: checking for sys/stat.h
configure:3284: gcc -m64 -std=gnu99 -c -O2 -g -pipe -Wall -Wp,-D_FORTIFY_SOURCE=2 -fexceptions -fstack-protector --param=ssp-buffer-size=4 -m64 -mtune=generic -I/usr/local/include conftest.c >&5
configure:3284: $? = 0
configure:3284: result: yes
configure:3284: checking for stdlib.h
configure:3284: gcc -m64 -std=gnu99 -c -O2 -g -pipe -Wall -Wp,-D_FORTIFY_SOURCE=2 -fexceptions -fstack-protector --param=ssp-buffer-size=4 -m64 -mtune=generic -I/usr/local/include conftest.c >&5
configure:3284: $? = 0
configure:3284: result: yes
configure:3284: checking for string.h
configure:3284: gcc -m64 -std=gnu99 -c -O2 -g -pipe -Wall -Wp,-D_FORTIFY_SOURCE=2 -fexceptions -fstack-protector --param=ssp-buffer-size=4 -m64 -mtune=generic -I/usr/local/include conftest.c >&5
configure:3284: $? = 0
configure:3284: result: yes
configure:3284: checking for memory.h
configure:3284: gcc -m64 -std=gnu99 -c -O2 -g -pipe -Wall -Wp,-D_FORTIFY_SOURCE=2 -fexceptions -fstack-protector --param=ssp-buffer-size=4 -m64 -mtune=generic -I/usr/local/include conftest.c >&5
configure:3284: $? = 0
configure:3284: result: yes
configure:3284: checking for strings.h
configure:3284: gcc -m64 -std=gnu99 -c -O2 -g -pipe -Wall -Wp,-D_FORTIFY_SOURCE=2 -fexceptions -fstack-protector --param=ssp-buffer-size=4 -m64 -mtune=generic -I/usr/local/include conftest.c >&5
configure:3284: $? = 0
configure:3284: result: yes
configure:3284: checking for inttypes.h
configure:3284: gcc -m64 -std=gnu99 -c -O2 -g -pipe -Wall -Wp,-D_FORTIFY_SOURCE=2 -fexceptions -fstack-protector --param=ssp-buffer-size=4 -m64 -mtune=generic -I/usr/local/include conftest.c >&5
configure:3284: $? = 0
configure:3284: result: yes
configure:3284: checking for stdint.h
configure:3284: gcc -m64 -std=gnu99 -c -O2 -g -pipe -Wall -Wp,-D_FORTIFY_SOURCE=2 -fexceptions -fstack-protector --param=ssp-buffer-size=4 -m64 -mtune=generic -I/usr/local/include conftest.c >&5
configure:3284: $? = 0
configure:3284: result: yes
configure:3284: checking for unistd.h
configure:3284: gcc -m64 -std=gnu99 -c -O2 -g -pipe -Wall -Wp,-D_FORTIFY_SOURCE=2 -fexceptions -fstack-protector --param=ssp-buffer-size=4 -m64 -mtune=generic -I/usr/local/include conftest.c >&5
configure:3284: $? = 0
configure:3284: result: yes
configure:3407: checking dispatch/dispatch.h usability
configure:3407: gcc -m64 -std=gnu99 -c -O2 -g -pipe -Wall -Wp,-D_FORTIFY_SOURCE=2 -fexceptions -fstack-protector --param=ssp-buffer-size=4 -m64 -mtune=generic -I/usr/local/include conftest.c >&5
conftest.c:52:31: error: dispatch/dispatch.h: No such file or directory
configure:3407: $? = 1
configure: failed program was:
| /* confdefs.h */
| #define PACKAGE_NAME "rGADEM"
| #define PACKAGE_TARNAME "rgadem"
| #define PACKAGE_VERSION "1.1.1"
| #define PACKAGE_STRING "rGADEM 1.1.1"
| #define PACKAGE_BUGREPORT "http://www.rglab.org"
| #define PACKAGE_URL ""
| #define STDC_HEADERS 1
| #define HAVE_SYS_TYPES_H 1
| #define HAVE_SYS_STAT_H 1
| #define HAVE_STDLIB_H 1
| #define HAVE_STRING_H 1
| #define HAVE_MEMORY_H 1
| #define HAVE_STRINGS_H 1
| #define HAVE_INTTYPES_H 1
| #define HAVE_STDINT_H 1
| #define HAVE_UNISTD_H 1
| /* end confdefs.h.  */
| #include <stdio.h>
| #ifdef HAVE_SYS_TYPES_H
| # include <sys/types.h>
| #endif
| #ifdef HAVE_SYS_STAT_H
| # include <sys/stat.h>
| #endif
| #ifdef STDC_HEADERS
| # include <stdlib.h>
| # include <stddef.h>
| #else
| # ifdef HAVE_STDLIB_H
| #  include <stdlib.h>
| # endif
| #endif
| #ifdef HAVE_STRING_H
| # if !defined STDC_HEADERS && defined HAVE_MEMORY_H
| #  include <memory.h>
| # endif
| # include <string.h>
| #endif
| #ifdef HAVE_STRINGS_H
| # include <strings.h>
| #endif
| #ifdef HAVE_INTTYPES_H
| # include <inttypes.h>
| #endif
| #ifdef HAVE_STDINT_H
| # include <stdint.h>
| #endif
| #ifdef HAVE_UNISTD_H
| # include <unistd.h>
| #endif
| #include <dispatch/dispatch.h>
configure:3407: result: no
configure:3407: checking dispatch/dispatch.h presence
configure:3407: gcc -m64 -std=gnu99 -E -I/usr/local/include conftest.c
conftest.c:19:31: error: dispatch/dispatch.h: No such file or directory
configure:3407: $? = 1
configure: failed program was:
| /* confdefs.h */
| #define PACKAGE_NAME "rGADEM"
| #define PACKAGE_TARNAME "rgadem"
| #define PACKAGE_VERSION "1.1.1"
| #define PACKAGE_STRING "rGADEM 1.1.1"
| #define PACKAGE_BUGREPORT "http://www.rglab.org"
| #define PACKAGE_URL ""
| #define STDC_HEADERS 1
| #define HAVE_SYS_TYPES_H 1
| #define HAVE_SYS_STAT_H 1
| #define HAVE_STDLIB_H 1
| #define HAVE_STRING_H 1
| #define HAVE_MEMORY_H 1
| #define HAVE_STRINGS_H 1
| #define HAVE_INTTYPES_H 1
| #define HAVE_STDINT_H 1
| #define HAVE_UNISTD_H 1
| /* end confdefs.h.  */
| #include <dispatch/dispatch.h>
configure:3407: result: no
configure:3407: checking for dispatch/dispatch.h
configure:3407: result: no
configure:3414: checking whether OpenMP will work in a package
gcc -m64 -std=gnu99 -I/usr/include/R  -I/usr/local/include   -fopenmp -fpic  -O2 -g -pipe -Wall -Wp,-D_FORTIFY_SOURCE=2 -fexceptions -fstack-protector --param=ssp-buffer-size=4 -m64 -mtune=generic -c conftest.c -o conftest.o
gcc -m64 -std=gnu99 -shared -L/usr/local/lib64 -o conftest.so conftest.o -fopenmp -L/usr/lib64/R/lib -lR
> dyn.load(paste('conftest',.Platform$dynlib.ext,sep=''))
> 
> 
configure:3434: result: yes
configure:3578: creating ./config.status

## ---------------------- ##
## Running config.status. ##
## ---------------------- ##

This file was extended by rGADEM config.status 1.1.1, which was
generated by GNU Autoconf 2.65.  Invocation command line was

  CONFIG_FILES    = 
  CONFIG_HEADERS  = 
  CONFIG_LINKS    = 
  CONFIG_COMMANDS = 
  $ ./config.status 

on ls30.genome.ulaval.ca

config.status:802: creating src/Makevars
config.status:802: creating src/config.h
config.status:963: src/config.h is unchanged

## ---------------- ##
## Cache variables. ##
## ---------------- ##

ac_cv_c_compiler_gnu=yes
ac_cv_env_CC_set=
ac_cv_env_CC_value=
ac_cv_env_CFLAGS_set=
ac_cv_env_CFLAGS_value=
ac_cv_env_CPPFLAGS_set=
ac_cv_env_CPPFLAGS_value=
ac_cv_env_CPP_set=
ac_cv_env_CPP_value=
ac_cv_env_LDFLAGS_set=
ac_cv_env_LDFLAGS_value=
ac_cv_env_LIBS_set=
ac_cv_env_LIBS_value=
ac_cv_env_build_alias_set=
ac_cv_env_build_alias_value=
ac_cv_env_host_alias_set=
ac_cv_env_host_alias_value=
ac_cv_env_target_alias_set=
ac_cv_env_target_alias_value=
ac_cv_header_dispatch_dispatch_h=no
ac_cv_header_inttypes_h=yes
ac_cv_header_memory_h=yes
ac_cv_header_stdc=yes
ac_cv_header_stdint_h=yes
ac_cv_header_stdlib_h=yes
ac_cv_header_string_h=yes
ac_cv_header_strings_h=yes
ac_cv_header_sys_stat_h=yes
ac_cv_header_sys_types_h=yes
ac_cv_header_unistd_h=yes
ac_cv_objext=o
ac_cv_path_EGREP='/bin/grep -E'
ac_cv_path_GREP=/bin/grep
ac_cv_prog_CPP='gcc -m64 -std=gnu99 -E'
ac_cv_prog_ac_ct_CC='gcc -m64 -std=gnu99'
ac_cv_prog_c_openmp=-fopenmp
ac_cv_prog_cc_c89=
ac_cv_prog_cc_g=yes

## ----------------- ##
## Output variables. ##
## ----------------- ##

CC='gcc -m64 -std=gnu99'
CFLAGS='-O2 -g -pipe -Wall -Wp,-D_FORTIFY_SOURCE=2 -fexceptions -fstack-protector --param=ssp-buffer-size=4 -m64 -mtune=generic'
CPP='gcc -m64 -std=gnu99 -E'
CPPFLAGS='-I/usr/local/include'
DEFS='-DHAVE_CONFIG_H'
ECHO_C=''
ECHO_N='-n'
ECHO_T=''
EGREP='/bin/grep -E'
EXEEXT=''
GREP='/bin/grep'
LDFLAGS=''
LIBOBJS=''
LIBS=''
LTLIBOBJS=''
OBJEXT='o'
OPENMP_CFLAGS='-fopenmp'
PACKAGE_BUGREPORT='http://www.rglab.org'
PACKAGE_NAME='rGADEM'
PACKAGE_STRING='rGADEM 1.1.1'
PACKAGE_TARNAME='rgadem'
PACKAGE_URL=''
PACKAGE_VERSION='1.1.1'
PATH_SEPARATOR=':'
SHELL='/bin/sh'
ac_ct_CC='gcc -m64 -std=gnu99'
bindir='${exec_prefix}/bin'
build_alias=''
datadir='${datarootdir}'
datarootdir='${prefix}/share'
docdir='${datarootdir}/doc/${PACKAGE_TARNAME}'
dvidir='${docdir}'
exec_prefix='${prefix}'
host_alias=''
htmldir='${docdir}'
includedir='${prefix}/include'
infodir='${datarootdir}/info'
libdir='${exec_prefix}/lib'
libexecdir='${exec_prefix}/libexec'
localedir='${datarootdir}/locale'
localstatedir='${prefix}/var'
mandir='${datarootdir}/man'
oldincludedir='/usr/include'
pdfdir='${docdir}'
prefix='/usr/local'
program_transform_name='s,x,x,'
psdir='${docdir}'
sbindir='${exec_prefix}/sbin'
sharedstatedir='${prefix}/com'
sysconfdir='${prefix}/etc'
target_alias=''

## ----------- ##
## confdefs.h. ##
## ----------- ##

/* confdefs.h */
#define PACKAGE_NAME "rGADEM"
#define PACKAGE_TARNAME "rgadem"
#define PACKAGE_VERSION "1.1.1"
#define PACKAGE_STRING "rGADEM 1.1.1"
#define PACKAGE_BUGREPORT "http://www.rglab.org"
#define PACKAGE_URL ""
#define STDC_HEADERS 1
#define HAVE_SYS_TYPES_H 1
#define HAVE_SYS_STAT_H 1
#define HAVE_STDLIB_H 1
#define HAVE_STRING_H 1
#define HAVE_MEMORY_H 1
#define HAVE_STRINGS_H 1
#define HAVE_INTTYPES_H 1
#define HAVE_STDINT_H 1
#define HAVE_UNISTD_H 1
#define HAVE_OPENMP 1

configure: exit 0
